2024-12-17 08:50:14.338 - DBeaver 24.3.0.202412011650 is starting
2024-12-17 08:50:14.339 - OS: Windows 10 10.0 (amd64)
2024-12-17 08:50:14.339 - Java version: 17.0.6 by Eclipse Adoptium (64bit)
2024-12-17 08:50:14.339 - Install path: 'D:\web_0900_psh\dbms\resource\dbeaver'
2024-12-17 08:50:14.339 - Instance path: 'file:/D:/web_0900_psh/dbms/workspace/'
2024-12-17 08:50:14.341 - Memory available 64Mb/1024Mb
2024-12-17 08:50:14.341 - Platform not initialized: metadata folder may be not set
2024-12-17 08:50:14.347 - Create display
2024-12-17 08:50:14.423 - Initialize desktop platform...
2024-12-17 08:50:14.509 - BounceCastle bundle found. Use JCE provider BC
> Start Core File Systems [org.eclipse.core.filesystem 1.11.0.v20240824-0952]
> Start Core Resource Management [org.eclipse.core.resources 3.21.0.v20240805-1607]
> Start Team Support Core [org.eclipse.team.core 3.10.500.v20240621-0541]
> Start DBeaver UI Navigator [org.jkiss.dbeaver.ui.navigator 1.0.144.202412011650]
2024-12-17 08:50:14.638 - Initialize base platform...
> Start DBeaver UI Editors - Base [org.jkiss.dbeaver.ui.editors.base 1.0.144.202412011650]
2024-12-17 08:50:14.653 - Platform initialized (230ms)
2024-12-17 08:50:14.687 - Starting instance server at http://localhost:50155
2024-12-17 08:50:14.693 - Run workbench
> Start Eclipse e4 Workbench SWT [org.eclipse.e4.ui.workbench.swt 0.17.500.v20240807-0911]
> Start Eclipse Application Services [org.eclipse.e4.core.services 2.4.400.v20240413-1529]
> Start Eclipse UI Application Services [org.eclipse.e4.ui.services 1.6.300.v20231201-1637]
> Start Eclipse e4 Progress View [org.eclipse.e4.ui.progress 0.4.600.v20240606-1020]
> Start Eclipse Bindings Support [org.eclipse.e4.ui.bindings 0.14.400.v20240321-1245]
> Start Eclipse e4 core commands [org.eclipse.e4.core.commands 1.1.400.v20240424-0444]
> Start EMF XML/XMI Persistence [org.eclipse.emf.ecore.xmi 2.38.0.v20240721-0634]
> Start Eclipse CSS SWT Theme Support [org.eclipse.e4.ui.css.swt.theme 0.14.400.v20240424-0956]
> Start Eclipse e4 Workbench Add-ons [org.eclipse.e4.ui.workbench.addons.swt 1.5.500.v20240620-1945]
> Start Eclipse e4 Workbench SWT Renderer [org.eclipse.e4.ui.workbench.renderers.swt 0.16.500.v20240727-1037]
> Start Eclipse Dependency Injection Extensions [org.eclipse.e4.core.di.extensions 0.18.300.v20240413-1529]
> Start Eclipse CSS SWT Support [org.eclipse.e4.ui.css.swt 0.15.400.v20240321-1245]
> Start Default Text Editor [org.eclipse.ui.editors 3.18.0.v20240807-0735]
> Start Text Editor Framework [org.eclipse.ui.workbench.texteditor 3.18.0.v20240819-1419]
2024-12-17 08:50:15.826 - Configure workbench window
> Start DBeaver SQL Model [org.jkiss.dbeaver.model.sql 1.0.134.202412011650]
2024-12-17 08:50:15.895 - Script dialect 'gbase8s' not found in registry (for data source provider gbase8s). Use default.
2024-12-17 08:50:15.922 - Total database drivers: 121 (121)
> Start Help System Core [org.eclipse.help 3.10.400.v20240415-0528]
2024-12-17 08:50:15.966 - Create actions
2024-12-17 08:50:15.971 - Disable Eclipse action set 'org.eclipse.ui.edit.text.actionSet.annotationNavigation'
2024-12-17 08:50:15.971 - Disable Eclipse action set 'org.eclipse.ui.WorkingSetActionSet'
2024-12-17 08:50:15.971 - Disable Eclipse action set 'org.eclipse.ui.actionSet.openFiles'
2024-12-17 08:50:15.971 - Create workbench actions
2024-12-17 08:50:16.201 - Initialize workbench window
2024-12-17 08:50:16.205 - Finish initialization
> Start DBeaver UI Editors - Data [org.jkiss.dbeaver.ui.editors.data 1.0.144.202412011650]
Warning: NLS unused message: actions_navigator__objects in: org.jkiss.dbeaver.ui.editors.sql.internal.SQLEditorMessages
> Start DBeaver UI Editors - SQL [org.jkiss.dbeaver.ui.editors.sql 1.0.144.202412011650]
> Start DBeaver SQL Terminal [org.jkiss.dbeaver.ui.editors.sql.terminal 1.0.120.202412011650]
> Start Core Compare Support [org.eclipse.compare.core 3.8.500.v20240524-2010]
> Start Internet Connection Management UI [org.eclipse.ui.net 1.5.400.v20240413-1529]
> Start Internet Connection Management [org.eclipse.core.net 1.5.500.v20240625-1706]
> Start DBeaver Sample Database [org.jkiss.dbeaver.ext.sample.database 1.0.181.202412011650]
> Start DBeaver Tip of the day [org.jkiss.dbeaver.ext.ui.tipoftheday 1.0.150.202412011650]
> Start GEF Classic Draw2d [org.eclipse.draw2d 3.17.0.202409021815]
> Start GEF Classic GEF (MVC) [org.eclipse.gef 3.19.0.202409021815]
> Start DBeaver ERD UI [org.jkiss.dbeaver.erd.ui 3.0.104.202412011650]
> Start DBeaver ERD Model [org.jkiss.dbeaver.erd.model 1.0.104.202412011650]
> Start DBeaver Dashboard UI [org.jkiss.dbeaver.ui.dashboard 1.0.141.202412011650]
> Start DBeaver UI Editors - Connections [org.jkiss.dbeaver.ui.editors.connection 1.0.135.202412011650]
> Start DBeaver JDBC Model [org.jkiss.dbeaver.model.jdbc 1.0.37.202412011650]
> Start DBeaver Oracle Model [org.jkiss.dbeaver.ext.oracle 2.1.229.202412011650]
> Start Console [org.eclipse.ui.console 3.14.100.v20240429-1358]
> Start Debug Core [org.eclipse.debug.core 3.21.500.v20240801-2219]
> Start DBeaver Tasks - Native Tools UI [org.jkiss.dbeaver.tasks.native.ui 1.0.122.202412011650]
> Start DBeaver Oracle UI [org.jkiss.dbeaver.ext.oracle.ui 1.0.131.202412011650]
> Start DBeaver Tasks - General UI [org.jkiss.dbeaver.tasks.ui 1.0.122.202412011650]
2024-12-17 08:50:17.885 - Connect with 'localhost' (oracle_thin-193ce9833d2-4e0acbed423b7dbc)
2024-12-17 08:50:17.908 - Execution context opened (localhost; Main; 0)
2024-12-17 08:50:18.116 - Execution context opened (localhost; Metadata; 1)
2024-12-17 08:50:18.173 - Connected (oracle_thin-193ce9833d2-4e0acbed423b7dbc, Oracle JDBC driver [11.2.0.2.0])
2024-12-17 08:50:18.176 - Execution context opened (localhost; SQLEditor <day01.sql>; 2)
> Start DBeaver SQL Language Semantic Model [org.jkiss.dbeaver.model.lsm 1.0.39.202412011650]
2024-12-17 08:50:20.048 - Open [https://dbeaver.io/product/version.xml]
2024-12-17 08:50:51.891 - Some data source listeners are still registered: org.jkiss.dbeaver.model.navigator.DBNProjectDatabases:node://dd/datasources
2024-12-17 08:52:32.756 - Auth model 'native' was replaced by 'oracle_native'
2024-12-17 08:52:32.770 - Service 'org.jkiss.dbeaver.runtime.ui.UIServiceSecurity' not found
2024-12-17 08:52:45.044 - Connect with 'jdbc:oracle:thin:@//localhost:1521/XE' (oracle_thin-193d1e374e2-3f0a6148d020f938)
2024-12-17 08:52:45.045 - Execution context opened (jdbc:oracle:thin:@//localhost:1521/XE; Main; 3)
2024-12-17 08:52:45.061 - Connected (oracle_thin-193d1e374e2-3f0a6148d020f938, Oracle JDBC driver [11.2.0.2.0])
2024-12-17 08:52:45.073 - Execution context closed (jdbc:oracle:thin:@//localhost:1521/XE, 3)
2024-12-17 08:52:45.073 - Disconnected (oracle_thin-193d1e374e2-3f0a6148d020f938)
2024-12-17 08:52:58.992 - Some data source listeners are still registered: org.jkiss.dbeaver.model.navigator.DBNProjectDatabases:node://kk/datasources
2024-12-17 08:55:15.585 - org.eclipse.core.internal.resources.ResourceException: Resource '/dd' does not exist.
org.eclipse.core.internal.resources.ResourceException(/dd)[368]: java.lang.Exception: Resource '/dd' does not exist.
	at org.eclipse.core.internal.resources.ResourceException.provideStackTrace(ResourceException.java:42)
	at org.eclipse.core.internal.resources.ResourceException.<init>(ResourceException.java:38)
	at org.eclipse.core.internal.resources.Resource.checkExists(Resource.java:364)
	at org.eclipse.core.internal.resources.Resource.checkAccessible(Resource.java:238)
	at org.eclipse.core.internal.resources.Project.checkAccessible(Project.java:183)
	at org.eclipse.core.internal.resources.Project.getDescription(Project.java:430)
	at org.jkiss.dbeaver.model.navigator.DBNProjectDesktop.getNodeDescription(DBNProjectDesktop.java:63)
	at org.jkiss.dbeaver.ui.editors.NodeEditorInput.getToolTipText(NodeEditorInput.java:90)
	at org.eclipse.ui.internal.EditorHistoryItem.saveState(EditorHistoryItem.java:223)
	at org.eclipse.ui.internal.EditorHistory.saveState(EditorHistory.java:151)
	at org.eclipse.ui.internal.Workbench.saveWorkbenchState(Workbench.java:3565)
	at org.eclipse.ui.internal.Workbench.persistWorkbenchState(Workbench.java:3540)
	at org.eclipse.ui.internal.Workbench$13.run(Workbench.java:1191)
	at org.eclipse.core.runtime.SafeRunner.run(SafeRunner.java:47)
	at org.eclipse.ui.internal.Workbench.persist(Workbench.java:1188)
	at org.eclipse.ui.internal.Workbench$40.runInUIThread(Workbench.java:2858)
	at org.eclipse.ui.progress.UIJob.lambda$0(UIJob.java:148)
	at org.eclipse.swt.widgets.RunnableLock.run(RunnableLock.java:40)
	at org.eclipse.swt.widgets.Synchronizer.runAsyncMessages(Synchronizer.java:132)
	at org.eclipse.swt.widgets.Display.runAsyncMessages(Display.java:4099)
	at org.eclipse.swt.widgets.Display.readAndDispatch(Display.java:3715)
	at org.eclipse.e4.ui.internal.workbench.swt.PartRenderingEngine$5.run(PartRenderingEngine.java:1151)
	at org.eclipse.core.databinding.observable.Realm.runWithDefault(Realm.java:339)
	at org.eclipse.e4.ui.internal.workbench.swt.PartRenderingEngine.run(PartRenderingEngine.java:1042)
	at org.eclipse.e4.ui.internal.workbench.E4Workbench.createAndRunUI(E4Workbench.java:153)
	at org.eclipse.ui.internal.Workbench.lambda$3(Workbench.java:639)
	at org.eclipse.core.databinding.observable.Realm.runWithDefault(Realm.java:339)
	at org.eclipse.ui.internal.Workbench.createAndRunWorkbench(Workbench.java:546)
	at org.eclipse.ui.PlatformUI.createAndRunWorkbench(PlatformUI.java:173)
	at org.jkiss.dbeaver.ui.app.standalone.DBeaverApplication.start(DBeaverApplication.java:293)
	at org.eclipse.equinox.internal.app.EclipseAppHandle.run(EclipseAppHandle.java:208)
	at org.eclipse.core.runtime.internal.adaptor.EclipseAppLauncher.runApplication(EclipseAppLauncher.java:143)
	at org.eclipse.core.runtime.internal.adaptor.EclipseAppLauncher.start(EclipseAppLauncher.java:109)
	at org.eclipse.core.runtime.adaptor.EclipseStarter.run(EclipseStarter.java:439)
	at org.eclipse.core.runtime.adaptor.EclipseStarter.run(EclipseStarter.java:271)
	at java.base/jdk.internal.reflect.NativeMethodAccessorImpl.invoke0(Native Method)
	at java.base/jdk.internal.reflect.NativeMethodAccessorImpl.invoke(Unknown Source)
	at java.base/jdk.internal.reflect.DelegatingMethodAccessorImpl.invoke(Unknown Source)
	at java.base/java.lang.reflect.Method.invoke(Unknown Source)
	at org.jkiss.dbeaver.launcher.DBeaverLauncher.invokeFramework(DBeaverLauncher.java:650)
	at org.jkiss.dbeaver.launcher.DBeaverLauncher.basicRun(DBeaverLauncher.java:610)
	at org.jkiss.dbeaver.launcher.DBeaverLauncher.run(DBeaverLauncher.java:1461)
2024-12-17 09:00:15.605 - org.eclipse.core.internal.resources.ResourceException: Resource '/dd' does not exist.
org.eclipse.core.internal.resources.ResourceException(/dd)[368]: java.lang.Exception: Resource '/dd' does not exist.
	at org.eclipse.core.internal.resources.ResourceException.provideStackTrace(ResourceException.java:42)
	at org.eclipse.core.internal.resources.ResourceException.<init>(ResourceException.java:38)
	at org.eclipse.core.internal.resources.Resource.checkExists(Resource.java:364)
	at org.eclipse.core.internal.resources.Resource.checkAccessible(Resource.java:238)
	at org.eclipse.core.internal.resources.Project.checkAccessible(Project.java:183)
	at org.eclipse.core.internal.resources.Project.getDescription(Project.java:430)
	at org.jkiss.dbeaver.model.navigator.DBNProjectDesktop.getNodeDescription(DBNProjectDesktop.java:63)
	at org.jkiss.dbeaver.ui.editors.NodeEditorInput.getToolTipText(NodeEditorInput.java:90)
	at org.eclipse.ui.internal.EditorHistoryItem.saveState(EditorHistoryItem.java:223)
	at org.eclipse.ui.internal.EditorHistory.saveState(EditorHistory.java:151)
	at org.eclipse.ui.internal.Workbench.saveWorkbenchState(Workbench.java:3565)
	at org.eclipse.ui.internal.Workbench.persistWorkbenchState(Workbench.java:3540)
	at org.eclipse.ui.internal.Workbench$13.run(Workbench.java:1191)
	at org.eclipse.core.runtime.SafeRunner.run(SafeRunner.java:47)
	at org.eclipse.ui.internal.Workbench.persist(Workbench.java:1188)
	at org.eclipse.ui.internal.Workbench$40.runInUIThread(Workbench.java:2858)
	at org.eclipse.ui.progress.UIJob.lambda$0(UIJob.java:148)
	at org.eclipse.swt.widgets.RunnableLock.run(RunnableLock.java:40)
	at org.eclipse.swt.widgets.Synchronizer.runAsyncMessages(Synchronizer.java:132)
	at org.eclipse.swt.widgets.Display.runAsyncMessages(Display.java:4099)
	at org.eclipse.swt.widgets.Display.readAndDispatch(Display.java:3715)
	at org.eclipse.e4.ui.internal.workbench.swt.PartRenderingEngine$5.run(PartRenderingEngine.java:1151)
	at org.eclipse.core.databinding.observable.Realm.runWithDefault(Realm.java:339)
	at org.eclipse.e4.ui.internal.workbench.swt.PartRenderingEngine.run(PartRenderingEngine.java:1042)
	at org.eclipse.e4.ui.internal.workbench.E4Workbench.createAndRunUI(E4Workbench.java:153)
	at org.eclipse.ui.internal.Workbench.lambda$3(Workbench.java:639)
	at org.eclipse.core.databinding.observable.Realm.runWithDefault(Realm.java:339)
	at org.eclipse.ui.internal.Workbench.createAndRunWorkbench(Workbench.java:546)
	at org.eclipse.ui.PlatformUI.createAndRunWorkbench(PlatformUI.java:173)
	at org.jkiss.dbeaver.ui.app.standalone.DBeaverApplication.start(DBeaverApplication.java:293)
	at org.eclipse.equinox.internal.app.EclipseAppHandle.run(EclipseAppHandle.java:208)
	at org.eclipse.core.runtime.internal.adaptor.EclipseAppLauncher.runApplication(EclipseAppLauncher.java:143)
	at org.eclipse.core.runtime.internal.adaptor.EclipseAppLauncher.start(EclipseAppLauncher.java:109)
	at org.eclipse.core.runtime.adaptor.EclipseStarter.run(EclipseStarter.java:439)
	at org.eclipse.core.runtime.adaptor.EclipseStarter.run(EclipseStarter.java:271)
	at java.base/jdk.internal.reflect.NativeMethodAccessorImpl.invoke0(Native Method)
	at java.base/jdk.internal.reflect.NativeMethodAccessorImpl.invoke(Unknown Source)
	at java.base/jdk.internal.reflect.DelegatingMethodAccessorImpl.invoke(Unknown Source)
	at java.base/java.lang.reflect.Method.invoke(Unknown Source)
	at org.jkiss.dbeaver.launcher.DBeaverLauncher.invokeFramework(DBeaverLauncher.java:650)
	at org.jkiss.dbeaver.launcher.DBeaverLauncher.basicRun(DBeaverLauncher.java:610)
	at org.jkiss.dbeaver.launcher.DBeaverLauncher.run(DBeaverLauncher.java:1461)
2024-12-17 09:00:17.042 - Execution context closed (localhost, 2)
2024-12-17 09:04:26.192 - org.eclipse.core.internal.resources.ResourceException: Resource '/dd' does not exist.
org.eclipse.core.internal.resources.ResourceException(/dd)[368]: java.lang.Exception: Resource '/dd' does not exist.
	at org.eclipse.core.internal.resources.ResourceException.provideStackTrace(ResourceException.java:42)
	at org.eclipse.core.internal.resources.ResourceException.<init>(ResourceException.java:38)
	at org.eclipse.core.internal.resources.Resource.checkExists(Resource.java:364)
	at org.eclipse.core.internal.resources.Resource.checkAccessible(Resource.java:238)
	at org.eclipse.core.internal.resources.Project.checkAccessible(Project.java:183)
	at org.eclipse.core.internal.resources.Project.getDescription(Project.java:430)
	at org.jkiss.dbeaver.model.navigator.DBNProjectDesktop.getNodeDescription(DBNProjectDesktop.java:63)
	at org.jkiss.dbeaver.ui.editors.NodeEditorInput.getToolTipText(NodeEditorInput.java:90)
	at org.eclipse.ui.internal.EditorHistoryItem.saveState(EditorHistoryItem.java:223)
	at org.eclipse.ui.internal.EditorHistory.saveState(EditorHistory.java:151)
	at org.eclipse.ui.internal.Workbench.saveWorkbenchState(Workbench.java:3565)
	at org.eclipse.ui.internal.Workbench.persistWorkbenchState(Workbench.java:3540)
	at org.eclipse.ui.internal.Workbench$13.run(Workbench.java:1191)
	at org.eclipse.core.runtime.SafeRunner.run(SafeRunner.java:47)
	at org.eclipse.ui.internal.Workbench.persist(Workbench.java:1188)
	at org.eclipse.ui.internal.Workbench.busyClose(Workbench.java:1102)
	at org.eclipse.ui.internal.Workbench.lambda$4(Workbench.java:1414)
	at org.eclipse.swt.custom.BusyIndicator.showWhile(BusyIndicator.java:67)
	at org.eclipse.ui.internal.Workbench.close(Workbench.java:1414)
	at org.eclipse.ui.internal.Workbench.restart(Workbench.java:2568)
	at org.eclipse.ui.internal.ide.actions.OpenWorkspaceAction.restart(OpenWorkspaceAction.java:220)
	at org.eclipse.ui.internal.ide.actions.OpenWorkspaceAction.run(OpenWorkspaceAction.java:208)
	at org.eclipse.ui.internal.ide.actions.OpenWorkspaceAction$OpenDialogAction.run(OpenWorkspaceAction.java:62)
	at org.eclipse.jface.action.Action.runWithEvent(Action.java:474)
	at org.eclipse.jface.action.ActionContributionItem.handleWidgetSelection(ActionContributionItem.java:581)
	at org.eclipse.jface.action.ActionContributionItem.lambda$4(ActionContributionItem.java:415)
	at org.eclipse.swt.widgets.EventTable.sendEvent(EventTable.java:91)
	at org.eclipse.swt.widgets.Display.sendEvent(Display.java:4326)
	at org.eclipse.swt.widgets.Widget.sendEvent(Widget.java:1174)
	at org.eclipse.swt.widgets.Widget.sendEvent(Widget.java:1198)
	at org.eclipse.swt.widgets.Widget.sendEvent(Widget.java:1183)
	at org.eclipse.swt.widgets.Widget.notifyListeners(Widget.java:853)
	at org.eclipse.jface.action.ActionContributionItem.lambda$8(ActionContributionItem.java:1206)
	at org.eclipse.swt.widgets.EventTable.sendEvent(EventTable.java:91)
	at org.eclipse.swt.widgets.Display.sendEvent(Display.java:4326)
	at org.eclipse.swt.widgets.Widget.sendEvent(Widget.java:1174)
	at org.eclipse.swt.widgets.Display.runDeferredEvents(Display.java:4124)
	at org.eclipse.swt.widgets.Display.readAndDispatch(Display.java:3712)
	at org.eclipse.e4.ui.internal.workbench.swt.PartRenderingEngine$5.run(PartRenderingEngine.java:1151)
	at org.eclipse.core.databinding.observable.Realm.runWithDefault(Realm.java:339)
	at org.eclipse.e4.ui.internal.workbench.swt.PartRenderingEngine.run(PartRenderingEngine.java:1042)
	at org.eclipse.e4.ui.internal.workbench.E4Workbench.createAndRunUI(E4Workbench.java:153)
	at org.eclipse.ui.internal.Workbench.lambda$3(Workbench.java:639)
	at org.eclipse.core.databinding.observable.Realm.runWithDefault(Realm.java:339)
	at org.eclipse.ui.internal.Workbench.createAndRunWorkbench(Workbench.java:546)
	at org.eclipse.ui.PlatformUI.createAndRunWorkbench(PlatformUI.java:173)
	at org.jkiss.dbeaver.ui.app.standalone.DBeaverApplication.start(DBeaverApplication.java:293)
	at org.eclipse.equinox.internal.app.EclipseAppHandle.run(EclipseAppHandle.java:208)
	at org.eclipse.core.runtime.internal.adaptor.EclipseAppLauncher.runApplication(EclipseAppLauncher.java:143)
	at org.eclipse.core.runtime.internal.adaptor.EclipseAppLauncher.start(EclipseAppLauncher.java:109)
	at org.eclipse.core.runtime.adaptor.EclipseStarter.run(EclipseStarter.java:439)
	at org.eclipse.core.runtime.adaptor.EclipseStarter.run(EclipseStarter.java:271)
	at java.base/jdk.internal.reflect.NativeMethodAccessorImpl.invoke0(Native Method)
	at java.base/jdk.internal.reflect.NativeMethodAccessorImpl.invoke(Unknown Source)
	at java.base/jdk.internal.reflect.DelegatingMethodAccessorImpl.invoke(Unknown Source)
	at java.base/java.lang.reflect.Method.invoke(Unknown Source)
	at org.jkiss.dbeaver.launcher.DBeaverLauncher.invokeFramework(DBeaverLauncher.java:650)
	at org.jkiss.dbeaver.launcher.DBeaverLauncher.basicRun(DBeaverLauncher.java:610)
	at org.jkiss.dbeaver.launcher.DBeaverLauncher.run(DBeaverLauncher.java:1461)
2024-12-17 09:04:26.324 - Dispose navigator model
2024-12-17 09:04:26.341 - DBeaver is stopping
2024-12-17 09:04:26.342 - Stop instance server
2024-12-17 09:04:27.348 - Instance server has been stopped
2024-12-17 09:04:27.348 - DBeaver shutdown completed
