2025-01-03 16:12:18.887 - DBeaver 24.3.0.202412011650 is starting
2025-01-03 16:12:18.889 - OS: Windows 10 10.0 (amd64)
2025-01-03 16:12:18.890 - Java version: 17.0.6 by Eclipse Adoptium (64bit)
2025-01-03 16:12:18.890 - Install path: 'D:\web_0900_psh\dbms_3\resource\dbeaver'
2025-01-03 16:12:18.890 - Instance path: 'file:/D:/web_0900_psh/dbms_3/workspace/'
2025-01-03 16:12:18.892 - Memory available 64Mb/1024Mb
2025-01-03 16:12:18.892 - Platform not initialized: metadata folder may be not set
2025-01-03 16:12:18.909 - Create display
2025-01-03 16:12:19.053 - Initialize desktop platform...
2025-01-03 16:12:19.167 - BounceCastle bundle found. Use JCE provider BC
> Start Core File Systems [org.eclipse.core.filesystem 1.11.0.v20240824-0952]
> Start Core Resource Management [org.eclipse.core.resources 3.21.0.v20240805-1607]
> Start Team Support Core [org.eclipse.team.core 3.10.500.v20240621-0541]
> Start DBeaver UI Navigator [org.jkiss.dbeaver.ui.navigator 1.0.144.202412011650]
2025-01-03 16:12:19.339 - Initialize base platform...
> Start DBeaver UI Editors - Base [org.jkiss.dbeaver.ui.editors.base 1.0.144.202412011650]
2025-01-03 16:12:19.361 - Platform initialized (308ms)
2025-01-03 16:12:19.414 - Starting instance server at http://localhost:57479
2025-01-03 16:12:19.428 - Run workbench
> Start Eclipse e4 Workbench SWT [org.eclipse.e4.ui.workbench.swt 0.17.500.v20240807-0911]
> Start Eclipse Application Services [org.eclipse.e4.core.services 2.4.400.v20240413-1529]
> Start Eclipse UI Application Services [org.eclipse.e4.ui.services 1.6.300.v20231201-1637]
> Start Eclipse e4 Progress View [org.eclipse.e4.ui.progress 0.4.600.v20240606-1020]
> Start Eclipse Bindings Support [org.eclipse.e4.ui.bindings 0.14.400.v20240321-1245]
> Start Eclipse e4 core commands [org.eclipse.e4.core.commands 1.1.400.v20240424-0444]
> Start EMF XML/XMI Persistence [org.eclipse.emf.ecore.xmi 2.38.0.v20240721-0634]
> Start Eclipse CSS SWT Theme Support [org.eclipse.e4.ui.css.swt.theme 0.14.400.v20240424-0956]
> Start Eclipse e4 Workbench Add-ons [org.eclipse.e4.ui.workbench.addons.swt 1.5.500.v20240620-1945]
> Start Eclipse e4 Workbench SWT Renderer [org.eclipse.e4.ui.workbench.renderers.swt 0.16.500.v20240727-1037]
> Start Eclipse Dependency Injection Extensions [org.eclipse.e4.core.di.extensions 0.18.300.v20240413-1529]
> Start Eclipse CSS SWT Support [org.eclipse.e4.ui.css.swt 0.15.400.v20240321-1245]
> Start Default Text Editor [org.eclipse.ui.editors 3.18.0.v20240807-0735]
> Start Text Editor Framework [org.eclipse.ui.workbench.texteditor 3.18.0.v20240819-1419]
2025-01-03 16:12:21.671 - Configure workbench window
> Start DBeaver SQL Model [org.jkiss.dbeaver.model.sql 1.0.134.202412011650]
2025-01-03 16:12:21.775 - Script dialect 'gbase8s' not found in registry (for data source provider gbase8s). Use default.
2025-01-03 16:12:21.827 - Total database drivers: 121 (121)
> Start Help System Core [org.eclipse.help 3.10.400.v20240415-0528]
2025-01-03 16:12:21.880 - Create actions
2025-01-03 16:12:21.884 - Disable Eclipse action set 'org.eclipse.ui.edit.text.actionSet.annotationNavigation'
2025-01-03 16:12:21.885 - Disable Eclipse action set 'org.eclipse.ui.WorkingSetActionSet'
2025-01-03 16:12:21.885 - Disable Eclipse action set 'org.eclipse.ui.actionSet.openFiles'
2025-01-03 16:12:21.885 - Create workbench actions
2025-01-03 16:12:22.258 - Initialize workbench window
2025-01-03 16:12:22.271 - Finish initialization
> Start DBeaver UI Editors - Data [org.jkiss.dbeaver.ui.editors.data 1.0.144.202412011650]
> Start Internet Connection Management UI [org.eclipse.ui.net 1.5.400.v20240413-1529]
> Start Internet Connection Management [org.eclipse.core.net 1.5.500.v20240625-1706]
Warning: NLS unused message: actions_navigator__objects in: org.jkiss.dbeaver.ui.editors.sql.internal.SQLEditorMessages
> Start DBeaver UI Editors - SQL [org.jkiss.dbeaver.ui.editors.sql 1.0.144.202412011650]
> Start DBeaver Sample Database [org.jkiss.dbeaver.ext.sample.database 1.0.181.202412011650]
> Start DBeaver Tip of the day [org.jkiss.dbeaver.ext.ui.tipoftheday 1.0.150.202412011650]
> Start GEF Classic Draw2d [org.eclipse.draw2d 3.17.0.202409021815]
> Start GEF Classic GEF (MVC) [org.eclipse.gef 3.19.0.202409021815]
> Start DBeaver ERD UI [org.jkiss.dbeaver.erd.ui 3.0.104.202412011650]
> Start DBeaver ERD Model [org.jkiss.dbeaver.erd.model 1.0.104.202412011650]
> Start DBeaver Dashboard UI [org.jkiss.dbeaver.ui.dashboard 1.0.141.202412011650]
2025-01-03 16:12:26.664 - Open [https://dbeaver.io/product/version.xml]
> Start DBeaver SQL Terminal [org.jkiss.dbeaver.ui.editors.sql.terminal 1.0.120.202412011650]
> Start Core Compare Support [org.eclipse.compare.core 3.8.500.v20240524-2010]
> Start Console [org.eclipse.ui.console 3.14.100.v20240429-1358]
> Start Debug Core [org.eclipse.debug.core 3.21.500.v20240801-2219]
> Start DBeaver UI Editors - Connections [org.jkiss.dbeaver.ui.editors.connection 1.0.135.202412011650]
> Start DBeaver JDBC Model [org.jkiss.dbeaver.model.jdbc 1.0.37.202412011650]
> Start DBeaver Oracle Model [org.jkiss.dbeaver.ext.oracle 2.1.229.202412011650]
> Start DBeaver Tasks - Native Tools UI [org.jkiss.dbeaver.tasks.native.ui 1.0.122.202412011650]
> Start DBeaver Oracle UI [org.jkiss.dbeaver.ext.oracle.ui 1.0.131.202412011650]
> Start DBeaver Tasks - General UI [org.jkiss.dbeaver.tasks.ui 1.0.122.202412011650]
2025-01-03 16:13:15.523 - Connect with 'localhost 2' (oracle_thin-193f0ebcda4-79c48bcbe67d447c)
2025-01-03 16:13:15.558 - Execution context opened (localhost 2; Main; 0)
2025-01-03 16:13:15.862 - Execution context opened (localhost 2; Metadata; 1)
2025-01-03 16:13:15.936 - Connected (oracle_thin-193f0ebcda4-79c48bcbe67d447c, Oracle JDBC driver [11.2.0.2.0])
2025-01-03 16:13:15.937 - Execution context opened (localhost 2; SQLEditor <Day06(TASK).sql>; 2)
> Start DBeaver SQL Language Semantic Model [org.jkiss.dbeaver.model.lsm 1.0.39.202412011650]
2025-01-03 16:13:16.658 - org.jkiss.dbeaver.model.sql.DBSQLException: SQL Error [1013] [72000]: ORA-01013: user requested cancel of current operation

	at org.jkiss.dbeaver.model.impl.jdbc.exec.JDBCPreparedStatementImpl.executeStatement(JDBCPreparedStatementImpl.java:208)
	at org.jkiss.dbeaver.model.impl.jdbc.cache.JDBCStructLookupCache.reloadObject(JDBCStructLookupCache.java:119)
	at org.jkiss.dbeaver.model.impl.jdbc.cache.JDBCStructLookupCache.getObject(JDBCStructLookupCache.java:63)
	at org.jkiss.dbeaver.ext.oracle.model.OracleSchema.getChild(OracleSchema.java:390)
	at org.jkiss.dbeaver.model.sql.SQLSearchUtils.findObjectByPath(SQLSearchUtils.java:158)
	at org.jkiss.dbeaver.model.sql.SQLSearchUtils.findObjectByFQN(SQLSearchUtils.java:106)
	at org.jkiss.dbeaver.model.sql.SQLSearchUtils.findObjectByFQN(SQLSearchUtils.java:54)
	at org.jkiss.dbeaver.model.sql.semantics.context.SQLQueryDataSourceContext.findRealObjectImpl(SQLQueryDataSourceContext.java:110)
	at org.jkiss.dbeaver.model.sql.semantics.context.SQLQueryDataSourceContext.findRealObject(SQLQueryDataSourceContext.java:103)
	at org.jkiss.dbeaver.model.sql.semantics.model.select.SQLQueryRowsTableDataModel.propagateContextImpl(SQLQueryRowsTableDataModel.java:163)
	at org.jkiss.dbeaver.model.sql.semantics.model.select.SQLQueryRowsSourceModel.propagateContext(SQLQueryRowsSourceModel.java:81)
	at org.jkiss.dbeaver.model.sql.semantics.model.select.SQLQueryRowsProjectionModel.propagateContextImpl(SQLQueryRowsProjectionModel.java:151)
	at org.jkiss.dbeaver.model.sql.semantics.model.select.SQLQueryRowsSourceModel.propagateContext(SQLQueryRowsSourceModel.java:81)
	at org.jkiss.dbeaver.model.sql.semantics.model.select.SQLQueryRowsCorrelatedSourceModel.propagateContextImpl(SQLQueryRowsCorrelatedSourceModel.java:73)
	at org.jkiss.dbeaver.model.sql.semantics.model.select.SQLQueryRowsSourceModel.propagateContext(SQLQueryRowsSourceModel.java:81)
	at org.jkiss.dbeaver.model.sql.semantics.model.select.SQLQueryRowsNaturalJoinModel.propagateContextImpl(SQLQueryRowsNaturalJoinModel.java:91)
	at org.jkiss.dbeaver.model.sql.semantics.model.select.SQLQueryRowsSourceModel.propagateContext(SQLQueryRowsSourceModel.java:81)
	at org.jkiss.dbeaver.model.sql.semantics.model.select.SQLQueryRowsProjectionModel.propagateContextImpl(SQLQueryRowsProjectionModel.java:151)
	at org.jkiss.dbeaver.model.sql.semantics.model.select.SQLQueryRowsSourceModel.propagateContext(SQLQueryRowsSourceModel.java:81)
	at org.jkiss.dbeaver.model.sql.semantics.model.select.SQLQueryRowsSourceModel.applyContext(SQLQueryRowsSourceModel.java:69)
	at org.jkiss.dbeaver.model.sql.semantics.model.SQLQueryModel.propagateContext(SQLQueryModel.java:80)
	at org.jkiss.dbeaver.model.sql.semantics.SQLQueryModelRecognizer.recognizeQuery(SQLQueryModelRecognizer.java:156)
	at org.jkiss.dbeaver.model.sql.semantics.SQLQueryModelRecognizer.recognizeQuery(SQLQueryModelRecognizer.java:934)
	at org.jkiss.dbeaver.ui.editors.sql.semantics.SQLBackgroundParsingJob.doWork(SQLBackgroundParsingJob.java:660)
	at org.jkiss.dbeaver.ui.editors.sql.semantics.SQLBackgroundParsingJob$1.run(SQLBackgroundParsingJob.java:96)
	at org.jkiss.dbeaver.model.runtime.AbstractJob.run(AbstractJob.java:119)
	at org.eclipse.core.internal.jobs.Worker.run(Worker.java:63)
Caused by: java.sql.SQLTimeoutException: ORA-01013: user requested cancel of current operation

	at oracle.jdbc.driver.T4CTTIoer.processError(T4CTTIoer.java:440)
	at oracle.jdbc.driver.T4CTTIoer.processError(T4CTTIoer.java:396)
	at oracle.jdbc.driver.T4C8Oall.processError(T4C8Oall.java:837)
	at oracle.jdbc.driver.T4CTTIfun.receive(T4CTTIfun.java:445)
	at oracle.jdbc.driver.T4CTTIfun.doRPC(T4CTTIfun.java:191)
	at oracle.jdbc.driver.T4C8Oall.doOALL(T4C8Oall.java:523)
	at oracle.jdbc.driver.T4CPreparedStatement.doOall8(T4CPreparedStatement.java:207)
	at oracle.jdbc.driver.T4CPreparedStatement.executeForDescribe(T4CPreparedStatement.java:859)
	at oracle.jdbc.driver.OracleStatement.executeMaybeDescribe(OracleStatement.java:1153)
	at oracle.jdbc.driver.OracleStatement.doExecuteWithTimeout(OracleStatement.java:1275)
	at oracle.jdbc.driver.OraclePreparedStatement.executeInternal(OraclePreparedStatement.java:3576)
	at oracle.jdbc.driver.OraclePreparedStatement.execute(OraclePreparedStatement.java:3677)
	at oracle.jdbc.driver.OraclePreparedStatementWrapper.execute(OraclePreparedStatementWrapper.java:1374)
	at org.jkiss.dbeaver.model.impl.jdbc.exec.JDBCPreparedStatementImpl.execute(JDBCPreparedStatementImpl.java:261)
	at org.jkiss.dbeaver.model.impl.jdbc.exec.JDBCPreparedStatementImpl.executeStatement(JDBCPreparedStatementImpl.java:205)
	... 26 more
2025-01-03 16:13:16.673 - Execution context closed (localhost 2, 2)
> Start DBeaver Tasks View [org.jkiss.dbeaver.tasks.ui.view 1.0.93.202412011650]
2025-01-03 16:17:03.107 - Auth model 'native' was replaced by 'oracle_native'
2025-01-03 16:17:03.122 - Service 'org.jkiss.dbeaver.runtime.ui.UIServiceSecurity' not found
2025-01-03 16:17:15.707 - Connect with 'jdbc:oracle:thin:@//localhost:1521/XE' (oracle_thin-1942b068725-1cf15fb8117891a4)
2025-01-03 16:17:15.707 - Execution context opened (jdbc:oracle:thin:@//localhost:1521/XE; Main; 3)
2025-01-03 16:17:15.733 - Connected (oracle_thin-1942b068725-1cf15fb8117891a4, Oracle JDBC driver [11.2.0.2.0])
2025-01-03 16:17:15.746 - Execution context closed (jdbc:oracle:thin:@//localhost:1521/XE, 3)
2025-01-03 16:17:15.746 - Disconnected (oracle_thin-1942b068725-1cf15fb8117891a4)
2025-01-03 16:17:27.997 - Connect with 'localhost' (oracle_thin-1942b0655bc-39164e7526dc259f)
2025-01-03 16:17:27.998 - Execution context opened (localhost; Main; 4)
2025-01-03 16:17:28.020 - Execution context opened (localhost; Metadata; 5)
2025-01-03 16:17:28.034 - Execution context opened (localhost; SQLEditor <Script.sql>; 6)
2025-01-03 16:17:28.043 - Connected (oracle_thin-1942b0655bc-39164e7526dc259f, Oracle JDBC driver [11.2.0.2.0])
2025-01-03 16:45:21.900 - SWT resource leak detected
java.lang.Error: SWT Resource was not properly disposed
	at org.eclipse.swt.graphics.Resource.initNonDisposeTracking(Resource.java:172)
	at org.eclipse.swt.graphics.Resource.<init>(Resource.java:120)
	at org.eclipse.swt.graphics.Image.<init>(Image.java:621)
	at org.eclipse.jface.resource.ImageDescriptor.createImage(ImageDescriptor.java:340)
	at org.eclipse.jface.resource.ImageDescriptor.createImage(ImageDescriptor.java:289)
	at org.eclipse.jface.resource.ImageDescriptor.createImage(ImageDescriptor.java:267)
	at org.jkiss.dbeaver.ui.DBeaverIcons.getCompositeIcon(DBeaverIcons.java:170)
	at org.jkiss.dbeaver.ui.DBeaverIcons.getIconDescriptor(DBeaverIcons.java:122)
	at org.jkiss.dbeaver.ui.DBeaverIcons.getImage(DBeaverIcons.java:94)
	at org.jkiss.dbeaver.ui.editors.sql.SQLEditor.refreshEditorIconAndTitle(SQLEditor.java:3101)
	at org.jkiss.dbeaver.ui.editors.sql.SQLEditor.onDataSourceChange(SQLEditor.java:3016)
	at org.jkiss.dbeaver.ui.editors.sql.SQLEditor.lambda$32(SQLEditor.java:3263)
	at org.eclipse.swt.widgets.RunnableLock.run(RunnableLock.java:40)
	at org.eclipse.swt.widgets.Synchronizer.runAsyncMessages(Synchronizer.java:132)
	at org.eclipse.swt.widgets.Display.runAsyncMessages(Display.java:4099)
	at org.eclipse.swt.widgets.Display.readAndDispatch(Display.java:3715)
	at org.eclipse.jface.window.Window.runEventLoop(Window.java:823)
	at org.eclipse.jface.window.Window.open(Window.java:799)
	at org.jkiss.dbeaver.ui.dialogs.AbstractPopupPanel.open(AbstractPopupPanel.java:90)
	at org.jkiss.dbeaver.ui.navigator.dialogs.ObjectListDialog.open(ObjectListDialog.java:275)
	at org.jkiss.dbeaver.ui.actions.datasource.SelectActiveSchemaHandler.execute(SelectActiveSchemaHandler.java:114)
	at org.eclipse.ui.internal.handlers.HandlerProxy.execute(HandlerProxy.java:277)
	at org.eclipse.ui.internal.handlers.E4HandlerProxy.execute(E4HandlerProxy.java:98)
	at java.base/jdk.internal.reflect.NativeMethodAccessorImpl.invoke0(Native Method)
	at java.base/jdk.internal.reflect.NativeMethodAccessorImpl.invoke(Unknown Source)
	at java.base/jdk.internal.reflect.DelegatingMethodAccessorImpl.invoke(Unknown Source)
	at java.base/java.lang.reflect.Method.invoke(Unknown Source)
	at org.eclipse.e4.core.internal.di.MethodRequestor.execute(MethodRequestor.java:56)
	at org.eclipse.e4.core.internal.di.InjectorImpl.invokeUsingClass(InjectorImpl.java:299)
	at org.eclipse.e4.core.internal.di.InjectorImpl.invoke(InjectorImpl.java:233)
	at org.eclipse.e4.core.contexts.ContextInjectionFactory.invoke(ContextInjectionFactory.java:174)
	at org.eclipse.e4.core.commands.internal.HandlerServiceHandler.execute(HandlerServiceHandler.java:165)
	at org.eclipse.core.commands.Command.executeWithChecks(Command.java:488)
	at org.eclipse.core.commands.ParameterizedCommand.executeWithChecks(ParameterizedCommand.java:485)
	at org.eclipse.e4.core.commands.internal.HandlerServiceImpl.executeHandler(HandlerServiceImpl.java:204)
	at org.eclipse.e4.ui.workbench.renderers.swt.HandledContributionItem.executeItem(HandledContributionItem.java:444)
	at org.eclipse.e4.ui.workbench.renderers.swt.AbstractContributionItem.handleWidgetSelection(AbstractContributionItem.java:442)
	at org.eclipse.e4.ui.workbench.renderers.swt.AbstractContributionItem.lambda$2(AbstractContributionItem.java:464)
	at org.eclipse.swt.widgets.EventTable.sendEvent(EventTable.java:91)
	at org.eclipse.swt.widgets.Display.sendEvent(Display.java:4326)
	at org.eclipse.swt.widgets.Widget.sendEvent(Widget.java:1174)
	at org.eclipse.swt.widgets.Display.runDeferredEvents(Display.java:4124)
	at org.eclipse.swt.widgets.Display.readAndDispatch(Display.java:3712)
	at org.eclipse.e4.ui.internal.workbench.swt.PartRenderingEngine$5.run(PartRenderingEngine.java:1151)
	at org.eclipse.core.databinding.observable.Realm.runWithDefault(Realm.java:339)
	at org.eclipse.e4.ui.internal.workbench.swt.PartRenderingEngine.run(PartRenderingEngine.java:1042)
	at org.eclipse.e4.ui.internal.workbench.E4Workbench.createAndRunUI(E4Workbench.java:153)
	at org.eclipse.ui.internal.Workbench.lambda$3(Workbench.java:639)
	at org.eclipse.core.databinding.observable.Realm.runWithDefault(Realm.java:339)
	at org.eclipse.ui.internal.Workbench.createAndRunWorkbench(Workbench.java:546)
	at org.eclipse.ui.PlatformUI.createAndRunWorkbench(PlatformUI.java:173)
	at org.jkiss.dbeaver.ui.app.standalone.DBeaverApplication.start(DBeaverApplication.java:293)
	at org.eclipse.equinox.internal.app.EclipseAppHandle.run(EclipseAppHandle.java:208)
	at org.eclipse.core.runtime.internal.adaptor.EclipseAppLauncher.runApplication(EclipseAppLauncher.java:143)
	at org.eclipse.core.runtime.internal.adaptor.EclipseAppLauncher.start(EclipseAppLauncher.java:109)
	at org.eclipse.core.runtime.adaptor.EclipseStarter.run(EclipseStarter.java:439)
	at org.eclipse.core.runtime.adaptor.EclipseStarter.run(EclipseStarter.java:271)
	at java.base/jdk.internal.reflect.NativeMethodAccessorImpl.invoke0(Native Method)
	at java.base/jdk.internal.reflect.NativeMethodAccessorImpl.invoke(Unknown Source)
	at java.base/jdk.internal.reflect.DelegatingMethodAccessorImpl.invoke(Unknown Source)
	at java.base/java.lang.reflect.Method.invoke(Unknown Source)
	at org.jkiss.dbeaver.launcher.DBeaverLauncher.invokeFramework(DBeaverLauncher.java:650)
	at org.jkiss.dbeaver.launcher.DBeaverLauncher.basicRun(DBeaverLauncher.java:610)
	at org.jkiss.dbeaver.launcher.DBeaverLauncher.run(DBeaverLauncher.java:1461)
2025-01-03 16:45:39.462 - SQL Error [1031] [42000]: ORA-01031: insufficient privileges

org.jkiss.dbeaver.model.sql.DBSQLException: SQL Error [1031] [42000]: ORA-01031: insufficient privileges

	at org.jkiss.dbeaver.model.impl.jdbc.exec.JDBCStatementImpl.executeStatement(JDBCStatementImpl.java:130)
	at org.jkiss.dbeaver.ui.editors.sql.execute.SQLQueryJob.executeStatement(SQLQueryJob.java:631)
	at org.jkiss.dbeaver.ui.editors.sql.execute.SQLQueryJob.lambda$2(SQLQueryJob.java:522)
	at org.jkiss.dbeaver.model.exec.DBExecUtils.tryExecuteRecover(DBExecUtils.java:192)
	at org.jkiss.dbeaver.ui.editors.sql.execute.SQLQueryJob.executeSingleQuery(SQLQueryJob.java:541)
	at org.jkiss.dbeaver.ui.editors.sql.execute.SQLQueryJob.extractData(SQLQueryJob.java:1016)
	at org.jkiss.dbeaver.ui.editors.sql.SQLEditor$QueryResultsContainer.readData(SQLEditor.java:4273)
	at org.jkiss.dbeaver.ui.controls.resultset.ResultSetJobDataRead.lambda$0(ResultSetJobDataRead.java:128)
	at org.jkiss.dbeaver.model.exec.DBExecUtils.tryExecuteRecover(DBExecUtils.java:192)
	at org.jkiss.dbeaver.ui.controls.resultset.ResultSetJobDataRead.run(ResultSetJobDataRead.java:126)
	at org.jkiss.dbeaver.ui.controls.resultset.ResultSetViewer$ResultSetDataPumpJob.run(ResultSetViewer.java:5166)
	at org.jkiss.dbeaver.model.runtime.AbstractJob.run(AbstractJob.java:119)
	at org.eclipse.core.internal.jobs.Worker.run(Worker.java:63)
Caused by: java.sql.SQLSyntaxErrorException: ORA-01031: insufficient privileges

	at oracle.jdbc.driver.T4CTTIoer.processError(T4CTTIoer.java:440)
	at oracle.jdbc.driver.T4CTTIoer.processError(T4CTTIoer.java:396)
	at oracle.jdbc.driver.T4C8Oall.processError(T4C8Oall.java:837)
	at oracle.jdbc.driver.T4CTTIfun.receive(T4CTTIfun.java:445)
	at oracle.jdbc.driver.T4CTTIfun.doRPC(T4CTTIfun.java:191)
	at oracle.jdbc.driver.T4C8Oall.doOALL(T4C8Oall.java:523)
	at oracle.jdbc.driver.T4CStatement.doOall8(T4CStatement.java:193)
	at oracle.jdbc.driver.T4CStatement.executeForRows(T4CStatement.java:999)
	at oracle.jdbc.driver.OracleStatement.doExecuteWithTimeout(OracleStatement.java:1315)
	at oracle.jdbc.driver.OracleStatement.executeInternal(OracleStatement.java:1890)
	at oracle.jdbc.driver.OracleStatement.execute(OracleStatement.java:1855)
	at oracle.jdbc.driver.OracleStatementWrapper.execute(OracleStatementWrapper.java:304)
	at org.jkiss.dbeaver.model.impl.jdbc.exec.JDBCStatementImpl.execute(JDBCStatementImpl.java:344)
	at org.jkiss.dbeaver.model.impl.jdbc.exec.JDBCStatementImpl.executeStatement(JDBCStatementImpl.java:128)
	... 12 more
2025-01-03 16:45:39.535 - Error binding callable statement parameters from metadata: 지원되지 않는 기능입니다
2025-01-03 16:45:39.535 - Error obtaining output parameters from metadata: 지원되지 않는 기능입니다
2025-01-03 16:45:39.535 - Can't obtain procedure metadata nor jdbc metadata
> Start DBeaver Data Transfer [org.jkiss.dbeaver.data.transfer 2.0.128.202412011650]
2025-01-03 16:50:57.875 - Error while analyzing query text: --사용자 정보 저장하는 유저 테이블 tbl_user
--사용자 번호
--아이디
--패스워드
--이름
--나이
--성별
--생일
CREATE TABLE tbl_user(
	user_number NUMBER,
	user_id	VARCHAR2(100),
	user_pw VARCHAR2(100),
	user_name VARCHAR2(100),
	user_age NUMBER,
	user_gender CHAR(1) DEFAULT 'M',
	USER_birth DATE,
	CONSTRAINT pk_user PRIMARY KEY()
)
java.lang.NullPointerException: Cannot invoke "org.jkiss.dbeaver.model.sql.semantics.SQLQuerySymbolEntry.isNotClassified()" because "columnRef" is null
	at org.jkiss.dbeaver.model.sql.semantics.model.ddl.SQLQueryTableConstraintSpec.propagateContext(SQLQueryTableConstraintSpec.java:98)
	at org.jkiss.dbeaver.model.sql.semantics.model.ddl.SQLQueryTableCreateModel.applyContext(SQLQueryTableCreateModel.java:121)
	at org.jkiss.dbeaver.model.sql.semantics.model.SQLQueryModel.propagateContext(SQLQueryModel.java:80)
	at org.jkiss.dbeaver.model.sql.semantics.SQLQueryModelRecognizer.recognizeQuery(SQLQueryModelRecognizer.java:156)
	at org.jkiss.dbeaver.model.sql.semantics.SQLQueryModelRecognizer.recognizeQuery(SQLQueryModelRecognizer.java:934)
	at org.jkiss.dbeaver.ui.editors.sql.semantics.SQLBackgroundParsingJob.doWork(SQLBackgroundParsingJob.java:660)
	at org.jkiss.dbeaver.ui.editors.sql.semantics.SQLBackgroundParsingJob$1.run(SQLBackgroundParsingJob.java:96)
	at org.jkiss.dbeaver.model.runtime.AbstractJob.run(AbstractJob.java:119)
	at org.eclipse.core.internal.jobs.Worker.run(Worker.java:63)
2025-01-03 16:52:18.460 - SQL Error [947] [42000]: ORA-00947: not enough values

org.jkiss.dbeaver.model.sql.DBSQLException: SQL Error [947] [42000]: ORA-00947: not enough values

	at org.jkiss.dbeaver.model.impl.jdbc.exec.JDBCStatementImpl.executeStatement(JDBCStatementImpl.java:130)
	at org.jkiss.dbeaver.ui.editors.sql.execute.SQLQueryJob.executeStatement(SQLQueryJob.java:631)
	at org.jkiss.dbeaver.ui.editors.sql.execute.SQLQueryJob.lambda$2(SQLQueryJob.java:522)
	at org.jkiss.dbeaver.ui.editors.sql.execute.SQLQueryJob.executeSingleQuery(SQLQueryJob.java:544)
	at org.jkiss.dbeaver.ui.editors.sql.execute.SQLQueryJob.extractData(SQLQueryJob.java:1016)
	at org.jkiss.dbeaver.ui.editors.sql.SQLEditor$QueryResultsContainer.readData(SQLEditor.java:4273)
	at org.jkiss.dbeaver.ui.controls.resultset.ResultSetJobDataRead.lambda$0(ResultSetJobDataRead.java:128)
	at org.jkiss.dbeaver.model.exec.DBExecUtils.tryExecuteRecover(DBExecUtils.java:192)
	at org.jkiss.dbeaver.ui.controls.resultset.ResultSetJobDataRead.run(ResultSetJobDataRead.java:126)
	at org.jkiss.dbeaver.ui.controls.resultset.ResultSetViewer$ResultSetDataPumpJob.run(ResultSetViewer.java:5166)
	at org.jkiss.dbeaver.model.runtime.AbstractJob.run(AbstractJob.java:119)
	at org.eclipse.core.internal.jobs.Worker.run(Worker.java:63)
Caused by: java.sql.SQLSyntaxErrorException: ORA-00947: not enough values

	at oracle.jdbc.driver.T4CTTIoer.processError(T4CTTIoer.java:440)
	at oracle.jdbc.driver.T4CTTIoer.processError(T4CTTIoer.java:396)
	at oracle.jdbc.driver.T4C8Oall.processError(T4C8Oall.java:837)
	at oracle.jdbc.driver.T4CTTIfun.receive(T4CTTIfun.java:445)
	at oracle.jdbc.driver.T4CTTIfun.doRPC(T4CTTIfun.java:191)
	at oracle.jdbc.driver.T4C8Oall.doOALL(T4C8Oall.java:523)
	at oracle.jdbc.driver.T4CStatement.doOall8(T4CStatement.java:193)
	at oracle.jdbc.driver.T4CStatement.executeForRows(T4CStatement.java:999)
	at oracle.jdbc.driver.OracleStatement.doExecuteWithTimeout(OracleStatement.java:1315)
	at oracle.jdbc.driver.OracleStatement.executeInternal(OracleStatement.java:1890)
	at oracle.jdbc.driver.OracleStatement.execute(OracleStatement.java:1855)
	at oracle.jdbc.driver.OracleStatementWrapper.execute(OracleStatementWrapper.java:304)
	at org.jkiss.dbeaver.model.impl.jdbc.exec.JDBCStatementImpl.execute(JDBCStatementImpl.java:344)
	at org.jkiss.dbeaver.model.impl.jdbc.exec.JDBCStatementImpl.executeStatement(JDBCStatementImpl.java:128)
	... 11 more
2025-01-03 16:52:18.519 - Error binding callable statement parameters from metadata: 지원되지 않는 기능입니다
2025-01-03 16:52:18.519 - Error obtaining output parameters from metadata: 지원되지 않는 기능입니다
2025-01-03 16:52:18.519 - Can't obtain procedure metadata nor jdbc metadata
2025-01-03 16:53:47.408 - Can't get column 'PLUGGED_IN': 부적합한 열 이름
2025-01-03 16:54:01.506 - Execution context closed (localhost, 6)
2025-01-03 16:54:03.102 - Execution context opened (localhost; SQLEditor <JDBC01.sql>; 7)
2025-01-03 16:54:22.130 - Can't get column 'EXTERNAL_NAME': 부적합한 열 이름
2025-01-03 16:54:22.130 - Can't get column 'ACCOUNT_STATUS': 부적합한 열 이름
2025-01-03 16:54:22.130 - Can't get column 'LOCK_DATE': 부적합한 열 이름
2025-01-03 16:54:22.130 - Can't get column 'EXPIRY_DATE': 부적합한 열 이름
2025-01-03 16:54:22.130 - Can't get column 'DEFAULT_TABLESPACE': 부적합한 열 이름
2025-01-03 16:54:22.131 - Can't get column 'TEMPORARY_TABLESPACE': 부적합한 열 이름
2025-01-03 16:54:22.131 - Can't get column 'PROFILE': 부적합한 열 이름
2025-01-03 16:54:22.131 - Can't get column 'INITIAL_RSRC_CONSUMER_GROUP': 부적합한 열 이름
2025-01-03 16:54:36.115 - Execution context closed (localhost, 7)
2025-01-03 16:54:37.631 - Execution context opened (localhost; SQLEditor <JDBC01.sql>; 8)
2025-01-03 17:58:59.284 - Execution context closed (localhost, 8)
2025-01-03 17:58:59.361 - Dispose navigator model
2025-01-03 17:58:59.375 - DBeaver is stopping
2025-01-03 17:58:59.376 - Stop instance server
2025-01-03 17:59:00.380 - Instance server has been stopped
2025-01-03 17:59:00.380 - DBeaver shutdown completed
